######## ERROR SUMMARY ##################
Errors encountered:3

######## ERROR ##################
runSqlReturnResult

Error starting at line : 1 in command -
CREATE OR REPLACE EDITIONABLE TRIGGER "BI_PHONEBOOK" 
  before insert on               
  for each row  
begin   
  if :NEW."ID" is null then 
    select "PHONEBOOK_SEQ".nextval into :NEW."ID" from sys.dual; 
  end if; 
end;
Error report -
ORA-00903: invalid table name
00903. 00000 -  "invalid table name"
*Cause:    
*Action:
######## ERROR END ##################
######## ERROR ##################
executeWithActionLogging
runSqlReturnResult######## ERROR END ##################
######## ERROR ##################
trigger/bi_phonebook_trigger.xml::a751fedc7d7c8877fb996031c5c2bb0e69604917::(PHONEBOOK)-Generated

Error starting at line : 1 in command -
CREATE OR REPLACE EDITIONABLE TRIGGER "BI_PHONEBOOK" 
  before insert on               
  for each row  
begin   
  if :NEW."ID" is null then 
    select "PHONEBOOK_SEQ".nextval into :NEW."ID" from sys.dual; 
  end if; 
end;
Error report -
ORA-00903: invalid table name
00903. 00000 -  "invalid table name"
*Cause:    
*Action:
######## ERROR END ##################
######## END ERROR SUMMARY ##################
